

*******************************************************************************
Thu Feb 18 09:41:01 2021


FIT:    data read from "001.dat" using 1:2
        format = x:z
        #datapoints = 5
        residuals are weighted equally (unit weight)

function used for fitting: f(x)
	f(x) = a * x + b
fitted parameters initialized with current variable values

iter      chisq       delta/lim  lambda   a             b            
   0 8.0700000000e+00   0.00e+00  2.45e+00    1.000000e+00   1.000000e+00
   4 1.4910000000e+00  -6.39e-05  2.45e-04    1.090000e+00   1.870000e+00

After 4 iterations the fit converged.
final sum of squares of residuals : 1.491
rel. change during last iteration : -6.38574e-10

degrees of freedom    (FIT_NDF)                        : 3
rms of residuals      (FIT_STDFIT) = sqrt(WSSR/ndf)    : 0.704982
variance of residuals (reduced chisquare) = WSSR/ndf   : 0.497

Final set of parameters            Asymptotic Standard Error
=======================            ==========================
a               = 1.09             +/- 0.2229       (20.45%)
b               = 1.87             +/- 0.7394       (39.54%)

correlation matrix of the fit parameters:
                a      b      
a               1.000 
b              -0.905  1.000 
